<?xml version="1.0" encoding="UTF-8"?>
<!-- Generated by org.testng.reporters.JUnitReportReporter -->
<testsuite hostname="DESKTOP-0ADD34B" failures="0" tests="1" name="HMS.Admin.NewTest" time="17.971" errors="0" timestamp="2022-07-29T12:37:28 IST" skipped="0">
  <testcase classname="HMS.Admin.NewTest" name="f" time="17.971"/>
  <system-out/>
</testsuite> <!-- HMS.Admin.NewTest -->
