<?xml version="1.0" encoding="UTF-8"?>
<!-- Generated by org.testng.reporters.JUnitReportReporter -->
<testsuite hostname="DESKTOP-0ADD34B" failures="0" tests="1" name="HMS.Admin.Frontofficetest" time="82.579" errors="0" timestamp="2022-07-29T19:44:17 IST" skipped="0">
  <testcase classname="HMS.Admin.Frontofficetest" name="Frontofficetest" time="82.579"/>
  <system-out/>
</testsuite> <!-- HMS.Admin.Frontofficetest -->
