<?xml version="1.0" encoding="UTF-8"?>
<!-- Generated by org.testng.reporters.JUnitReportReporter -->
<testsuite hostname="DESKTOP-0ADD34B" failures="0" tests="1" name="HMS.Admin.Logintest" time="75.128" errors="0" timestamp="2022-07-29T13:49:28 IST" skipped="0">
  <testcase classname="HMS.Admin.Logintest" name="adminlogintest" time="75.128"/>
  <system-out/>
</testsuite> <!-- HMS.Admin.Logintest -->
