<?xml version="1.0" encoding="UTF-8"?>
<!-- Generated by org.testng.reporters.JUnitReportReporter -->
<testsuite hostname="DESKTOP-0ADD34B" failures="0" tests="1" name="HMS.Admin.Vistortest" time="56.712" errors="0" timestamp="2022-08-05T11:50:58 IST" skipped="0">
  <testcase classname="HMS.Admin.Vistortest" name="addvistordetails" time="56.712"/>
  <system-out/>
</testsuite> <!-- HMS.Admin.Vistortest -->
